<?xml version="1.0" encoding="UTF-8"?>
<testng-results ignored="0" total="1" passed="1" failed="0" skipped="0">
  <reporter-output>
  </reporter-output>
  <suite started-at="2022-09-11T16:56:03 MSK" name="Default suite" finished-at="2022-09-11T16:56:37 MSK" duration-ms="34159">
    <groups>
    </groups>
    <test started-at="2022-09-11T16:56:03 MSK" name="Default test" finished-at="2022-09-11T16:56:37 MSK" duration-ms="34159">
      <class name="ui.Verify">
        <test-method signature="TitleTest()[pri:0, instance:ui.Verify@ef9296d]" started-at="2022-09-11T16:56:03 MSK" name="TitleTest" finished-at="2022-09-11T16:56:37 MSK" duration-ms="34123" status="PASS">
          <reporter-output>
          </reporter-output>
        </test-method> <!-- TitleTest -->
      </class> <!-- ui.Verify -->
    </test> <!-- Default test -->
  </suite> <!-- Default suite -->
</testng-results>
