<?xml version="1.0" encoding="UTF-8"?>
<testng-results ignored="0" total="1" passed="1" failed="0" skipped="0">
  <reporter-output>
  </reporter-output>
  <suite started-at="2022-10-31T16:51:31 MSK" name="Default suite" finished-at="2022-10-31T16:51:32 MSK" duration-ms="444">
    <groups>
    </groups>
    <test started-at="2022-10-31T16:51:31 MSK" name="Default test" finished-at="2022-10-31T16:51:32 MSK" duration-ms="444">
      <class name="Main.DBtesting">
        <test-method is-config="true" signature="setUp()[pri:0, instance:Main.DBtesting@441772e]" started-at="2022-10-31T16:51:31 MSK" name="setUp" finished-at="2022-10-31T16:51:32 MSK" duration-ms="388" status="PASS">
          <reporter-output>
          </reporter-output>
        </test-method> <!-- setUp -->
        <test-method signature="tst()[pri:0, instance:Main.DBtesting@441772e]" started-at="2022-10-31T16:51:32 MSK" name="tst" finished-at="2022-10-31T16:51:32 MSK" duration-ms="20" status="PASS">
          <reporter-output>
          </reporter-output>
        </test-method> <!-- tst -->
        <test-method is-config="true" signature="tearDown()[pri:0, instance:Main.DBtesting@441772e]" started-at="2022-10-31T16:51:32 MSK" name="tearDown" finished-at="2022-10-31T16:51:32 MSK" duration-ms="1" status="PASS">
          <reporter-output>
          </reporter-output>
        </test-method> <!-- tearDown -->
      </class> <!-- Main.DBtesting -->
    </test> <!-- Default test -->
  </suite> <!-- Default suite -->
</testng-results>
