<?xml version="1.0" encoding="UTF-8"?>
<testng-results ignored="0" total="1" passed="1" failed="0" skipped="0">
  <reporter-output>
  </reporter-output>
  <suite started-at="2022-10-13T13:55:28 MSK" name="Default suite" finished-at="2022-10-13T13:55:29 MSK" duration-ms="637">
    <groups>
    </groups>
    <test started-at="2022-10-13T13:55:28 MSK" name="Default test" finished-at="2022-10-13T13:55:29 MSK" duration-ms="637">
      <class name="MainTest.ExcelTesting">
        <test-method signature="DataReadTest()[pri:0, instance:MainTest.ExcelTesting@2ef3eef9]" started-at="2022-10-13T13:55:28 MSK" name="DataReadTest" finished-at="2022-10-13T13:55:29 MSK" duration-ms="600" status="PASS">
          <reporter-output>
          </reporter-output>
        </test-method> <!-- DataReadTest -->
      </class> <!-- MainTest.ExcelTesting -->
    </test> <!-- Default test -->
  </suite> <!-- Default suite -->
</testng-results>
