<?xml version="1.0" encoding="UTF-8"?>
<testng-results ignored="0" total="4" passed="4" failed="0" skipped="0">
  <reporter-output>
  </reporter-output>
  <suite started-at="2022-11-07T20:44:13 MSK" name="Default suite" finished-at="2022-11-07T20:44:43 MSK" duration-ms="30088">
    <groups>
    </groups>
    <test started-at="2022-11-07T20:44:13 MSK" name="Default test" finished-at="2022-11-07T20:44:43 MSK" duration-ms="30088">
      <class name="main.MainClass">
        <test-method is-config="true" signature="Setup()[pri:0, instance:main.MainClass@4d9e68d0]" started-at="2022-11-07T20:44:13 MSK" name="Setup" finished-at="2022-11-07T20:44:27 MSK" duration-ms="13919" status="PASS">
          <reporter-output>
          </reporter-output>
        </test-method> <!-- Setup -->
        <test-method signature="navigate_to_woman_page()[pri:1, instance:main.MainClass@4d9e68d0]" started-at="2022-11-07T20:44:27 MSK" name="navigate_to_woman_page" finished-at="2022-11-07T20:44:34 MSK" duration-ms="7834" status="PASS">
          <reporter-output>
          </reporter-output>
        </test-method> <!-- navigate_to_woman_page -->
        <test-method signature="find_new_jacket()[pri:2, instance:main.MainClass@4d9e68d0]" started-at="2022-11-07T20:44:34 MSK" name="find_new_jacket" finished-at="2022-11-07T20:44:40 MSK" duration-ms="5928" status="PASS">
          <reporter-output>
          </reporter-output>
        </test-method> <!-- find_new_jacket -->
        <test-method signature="brandselection()[pri:3, instance:main.MainClass@4d9e68d0]" started-at="2022-11-07T20:44:40 MSK" name="brandselection" finished-at="2022-11-07T20:44:41 MSK" duration-ms="625" status="PASS">
          <reporter-output>
          </reporter-output>
        </test-method> <!-- brandselection -->
        <test-method signature="mainpge()[pri:4, instance:main.MainClass@4d9e68d0]" started-at="2022-11-07T20:44:41 MSK" name="mainpge" finished-at="2022-11-07T20:44:43 MSK" duration-ms="1724" status="PASS">
          <reporter-output>
          </reporter-output>
        </test-method> <!-- mainpge -->
      </class> <!-- main.MainClass -->
    </test> <!-- Default test -->
  </suite> <!-- Default suite -->
</testng-results>
