<?xml version="1.0" encoding="UTF-8"?>
<testng-results ignored="0" total="9" passed="8" failed="1" skipped="0">
  <reporter-output>
  </reporter-output>
  <suite started-at="2022-11-23T12:22:53 MSK" name="Default suite" finished-at="2022-11-23T12:23:27 MSK" duration-ms="33766">
    <groups>
    </groups>
    <test started-at="2022-11-23T12:22:53 MSK" name="Default test" finished-at="2022-11-23T12:23:27 MSK" duration-ms="33766">
      <class name="main.MainClass">
        <test-method is-config="true" signature="Setup()[pri:0, instance:main.MainClass@62150f9e]" started-at="2022-11-23T12:22:53 MSK" name="Setup" finished-at="2022-11-23T12:23:01 MSK" duration-ms="7550" status="PASS">
          <reporter-output>
          </reporter-output>
        </test-method> <!-- Setup -->
        <test-method signature="MainBar()[pri:1, instance:main.MainClass@62150f9e]" started-at="2022-11-23T12:23:01 MSK" name="MainBar" finished-at="2022-11-23T12:23:01 MSK" duration-ms="581" status="PASS">
          <reporter-output>
          </reporter-output>
        </test-method> <!-- MainBar -->
        <test-method signature="searchProduct()[pri:2, instance:main.MainClass@62150f9e]" started-at="2022-11-23T12:23:01 MSK" name="searchProduct" finished-at="2022-11-23T12:23:06 MSK" duration-ms="4872" status="PASS">
          <reporter-output>
          </reporter-output>
        </test-method> <!-- searchProduct -->
        <test-method signature="savingJackets()[pri:3, instance:main.MainClass@62150f9e]" started-at="2022-11-23T12:23:06 MSK" name="savingJackets" finished-at="2022-11-23T12:23:07 MSK" duration-ms="444" status="PASS">
          <reporter-output>
          </reporter-output>
        </test-method> <!-- savingJackets -->
        <test-method signature="savedProducts()[pri:4, instance:main.MainClass@62150f9e]" started-at="2022-11-23T12:23:07 MSK" name="savedProducts" finished-at="2022-11-23T12:23:15 MSK" duration-ms="8005" status="PASS">
          <reporter-output>
          </reporter-output>
        </test-method> <!-- savedProducts -->
        <test-method signature="sizeSelectionAndConfirmation()[pri:5, instance:main.MainClass@62150f9e]" started-at="2022-11-23T12:23:15 MSK" name="sizeSelectionAndConfirmation" finished-at="2022-11-23T12:23:15 MSK" duration-ms="178" status="PASS">
          <reporter-output>
          </reporter-output>
        </test-method> <!-- sizeSelectionAndConfirmation -->
        <test-method signature="cartActivity()[pri:6, instance:main.MainClass@62150f9e]" started-at="2022-11-23T12:23:15 MSK" name="cartActivity" finished-at="2022-11-23T12:23:18 MSK" duration-ms="3088" status="PASS">
          <reporter-output>
          </reporter-output>
        </test-method> <!-- cartActivity -->
        <test-method signature="cartCancel()[pri:7, instance:main.MainClass@62150f9e]" started-at="2022-11-23T12:23:18 MSK" name="cartCancel" finished-at="2022-11-23T12:23:19 MSK" duration-ms="986" status="PASS">
          <reporter-output>
          </reporter-output>
        </test-method> <!-- cartCancel -->
        <test-method signature="assertion()[pri:8, instance:main.MainClass@62150f9e]" started-at="2022-11-23T12:23:19 MSK" name="assertion" finished-at="2022-11-23T12:23:19 MSK" duration-ms="117" status="PASS">
          <reporter-output>
          </reporter-output>
        </test-method> <!-- assertion -->
        <test-method signature="trendingbrandsBanner()[pri:9, instance:main.MainClass@62150f9e]" started-at="2022-11-23T12:23:19 MSK" name="trendingbrandsBanner" finished-at="2022-11-23T12:23:27 MSK" duration-ms="7880" status="FAIL">
          <exception class="org.openqa.selenium.NoSuchElementException">
            <message>
              <![CDATA[no such element: Unable to locate element: {"method":"xpath","selector":"//img [@class = 'logoLinks__logos' and @alt = 'tommy hilfiger']"}
  (Session info: chrome=107.0.5304.107)
For documentation on this error, please visit: http://seleniumhq.org/exceptions/no_such_element.html
Build info: version: '3.8.1', revision: '6e95a6684b', time: '2017-12-01T18:33:54.468Z'
System info: host: 'DESKTOP-PIULSV5', ip: '192.168.1.8', os.name: 'Windows 10', os.arch: 'amd64', os.version: '10.0', java.version: '18.0.2.1'
Driver info: org.openqa.selenium.chrome.ChromeDriver
Capabilities {acceptInsecureCerts: false, browserName: chrome, browserVersion: 107.0.5304.107, chrome: {chromedriverVersion: 107.0.5304.62 (1eec40d3a576..., userDataDir: C:\Users\makem\AppData\Loca...}, goog:chromeOptions: {debuggerAddress: localhost:52792}, javascriptEnabled: true, networkConnectionEnabled: false, pageLoadStrategy: normal, platform: WINDOWS, platformName: WINDOWS, proxy: Proxy(), setWindowRect: true, strictFileInteractability: false, timeouts: {implicit: 0, pageLoad: 300000, script: 30000}, unhandledPromptBehavior: dismiss and notify, webauthn:extension:credBlob: true, webauthn:extension:largeBlob: true, webauthn:virtualAuthenticators: true}
Session ID: 163064e84dd8566d593a445722ba1562
*** Element info: {Using=xpath, value=//img [@class = 'logoLinks__logos' and @alt = 'tommy hilfiger']}]]>
            </message>
            <full-stacktrace>
              <![CDATA[org.openqa.selenium.NoSuchElementException: no such element: Unable to locate element: {"method":"xpath","selector":"//img [@class = 'logoLinks__logos' and @alt = 'tommy hilfiger']"}
  (Session info: chrome=107.0.5304.107)
For documentation on this error, please visit: http://seleniumhq.org/exceptions/no_such_element.html
Build info: version: '3.8.1', revision: '6e95a6684b', time: '2017-12-01T18:33:54.468Z'
System info: host: 'DESKTOP-PIULSV5', ip: '192.168.1.8', os.name: 'Windows 10', os.arch: 'amd64', os.version: '10.0', java.version: '18.0.2.1'
Driver info: org.openqa.selenium.chrome.ChromeDriver
Capabilities {acceptInsecureCerts: false, browserName: chrome, browserVersion: 107.0.5304.107, chrome: {chromedriverVersion: 107.0.5304.62 (1eec40d3a576..., userDataDir: C:\Users\makem\AppData\Loca...}, goog:chromeOptions: {debuggerAddress: localhost:52792}, javascriptEnabled: true, networkConnectionEnabled: false, pageLoadStrategy: normal, platform: WINDOWS, platformName: WINDOWS, proxy: Proxy(), setWindowRect: true, strictFileInteractability: false, timeouts: {implicit: 0, pageLoad: 300000, script: 30000}, unhandledPromptBehavior: dismiss and notify, webauthn:extension:credBlob: true, webauthn:extension:largeBlob: true, webauthn:virtualAuthenticators: true}
Session ID: 163064e84dd8566d593a445722ba1562
*** Element info: {Using=xpath, value=//img [@class = 'logoLinks__logos' and @alt = 'tommy hilfiger']}
at java.base/jdk.internal.reflect.DirectConstructorHandleAccessor.newInstance(DirectConstructorHandleAccessor.java:67)
at java.base/java.lang.reflect.Constructor.newInstanceWithCaller(Constructor.java:499)
at java.base/java.lang.reflect.Constructor.newInstance(Constructor.java:483)
at org.openqa.selenium.remote.http.W3CHttpResponseCodec.createException(W3CHttpResponseCodec.java:187)
at org.openqa.selenium.remote.http.W3CHttpResponseCodec.decode(W3CHttpResponseCodec.java:122)
at org.openqa.selenium.remote.http.W3CHttpResponseCodec.decode(W3CHttpResponseCodec.java:49)
at org.openqa.selenium.remote.HttpCommandExecutor.execute(HttpCommandExecutor.java:164)
at org.openqa.selenium.remote.service.DriverCommandExecutor.execute(DriverCommandExecutor.java:83)
at org.openqa.selenium.remote.RemoteWebDriver.execute(RemoteWebDriver.java:601)
at org.openqa.selenium.remote.RemoteWebDriver.findElement(RemoteWebDriver.java:371)
at org.openqa.selenium.remote.RemoteWebDriver.findElementByXPath(RemoteWebDriver.java:473)
at org.openqa.selenium.By$ByXPath.findElement(By.java:361)
at org.openqa.selenium.remote.RemoteWebDriver.findElement(RemoteWebDriver.java:363)
at main.MainClass.trendingbrandsBanner(MainClass.java:122)
at java.base/jdk.internal.reflect.DirectMethodHandleAccessor.invoke(DirectMethodHandleAccessor.java:104)
at java.base/java.lang.reflect.Method.invoke(Method.java:577)
at org.testng.internal.invokers.MethodInvocationHelper.invokeMethod(MethodInvocationHelper.java:139)
at org.testng.internal.invokers.TestInvoker.invokeMethod(TestInvoker.java:677)
at org.testng.internal.invokers.TestInvoker.invokeTestMethod(TestInvoker.java:221)
at org.testng.internal.invokers.MethodRunner.runInSequence(MethodRunner.java:50)
at org.testng.internal.invokers.TestInvoker$MethodInvocationAgent.invoke(TestInvoker.java:962)
at org.testng.internal.invokers.TestInvoker.invokeTestMethods(TestInvoker.java:194)
at org.testng.internal.invokers.TestMethodWorker.invokeTestMethods(TestMethodWorker.java:148)
at org.testng.internal.invokers.TestMethodWorker.run(TestMethodWorker.java:128)
at java.base/java.util.ArrayList.forEach(ArrayList.java:1511)
at org.testng.TestRunner.privateRun(TestRunner.java:806)
at org.testng.TestRunner.run(TestRunner.java:601)
at org.testng.SuiteRunner.runTest(SuiteRunner.java:433)
at org.testng.SuiteRunner.runSequentially(SuiteRunner.java:427)
at org.testng.SuiteRunner.privateRun(SuiteRunner.java:387)
at org.testng.SuiteRunner.run(SuiteRunner.java:330)
at org.testng.SuiteRunnerWorker.runSuite(SuiteRunnerWorker.java:52)
at org.testng.SuiteRunnerWorker.run(SuiteRunnerWorker.java:95)
at org.testng.TestNG.runSuitesSequentially(TestNG.java:1256)
at org.testng.TestNG.runSuitesLocally(TestNG.java:1176)
at org.testng.TestNG.runSuites(TestNG.java:1099)
at org.testng.TestNG.run(TestNG.java:1067)
at org.testng.remote.AbstractRemoteTestNG.run(AbstractRemoteTestNG.java:115)
at org.testng.remote.RemoteTestNG.initAndRun(RemoteTestNG.java:251)
at org.testng.remote.RemoteTestNG.main(RemoteTestNG.java:77)
]]>
            </full-stacktrace>
          </exception> <!-- org.openqa.selenium.NoSuchElementException -->
          <reporter-output>
          </reporter-output>
        </test-method> <!-- trendingbrandsBanner -->
      </class> <!-- main.MainClass -->
    </test> <!-- Default test -->
  </suite> <!-- Default suite -->
</testng-results>
