<?xml version="1.0" encoding="UTF-8"?>
<testng-results ignored="0" total="1" passed="1" failed="0" skipped="0">
  <reporter-output>
  </reporter-output>
  <suite started-at="2022-09-22T09:15:14 MSK" name="Default suite" finished-at="2022-09-22T09:15:48 MSK" duration-ms="33169">
    <groups>
    </groups>
    <test started-at="2022-09-22T09:15:14 MSK" name="Default test" finished-at="2022-09-22T09:15:48 MSK" duration-ms="33169">
      <class name="ui.Visibilitytest">
        <test-method signature="vistest()[pri:0, instance:ui.Visibilitytest@74751b3]" started-at="2022-09-22T09:15:15 MSK" name="vistest" finished-at="2022-09-22T09:15:48 MSK" duration-ms="32980" status="PASS">
          <reporter-output>
          </reporter-output>
        </test-method> <!-- vistest -->
      </class> <!-- ui.Visibilitytest -->
    </test> <!-- Default test -->
  </suite> <!-- Default suite -->
</testng-results>
