<?xml version="1.0" encoding="UTF-8"?>
<!-- Generated by org.testng.reporters.JUnitXMLReporter -->
<testsuite ignored="0" hostname="DESKTOP-PIULSV5" failures="0" tests="4" name="Default test" time="30.088" errors="0" timestamp="2022-11-07T20:44:43 MSK">
  <testcase classname="main.MainClass" name="navigate_to_woman_page" time="7.834"/>
  <testcase classname="main.MainClass" name="find_new_jacket" time="5.928"/>
  <testcase classname="main.MainClass" name="brandselection" time="0.625"/>
  <testcase classname="main.MainClass" name="mainpge" time="1.724"/>
</testsuite> <!-- Default test -->
